Autor: Guillermo Fernandez Romero
Fecha: 3-Mayo-2023 15:09
i =  0 = 0
for: i
 10k =  = 0
j =  0 = 0
for: j
 10 10 10 10 10 10 10 10 10 10 10 10k =  = 1
j =  0 = 0
for: j
 10 10 10 10 10 10 10 10 10 10 10 10k =  = 2
j =  0 = 0
for: j
 10 10 10 10 10 10 10 10 10 10 10 10k =  = 3
j =  0 = 0
for: j
 10 10 10 10 10 10 10 10 10 10 10 10k =  = 4
j =  0 = 0
for: j
 10 10 10 10 10 10 10 10 10 10 10 10k =  = 5
j =  0 = 0
for: j
 10 10 10 10 10 10 10 10 10 10 10 10k =  = 6
j =  0 = 0
for: j
 10 10 10 10 10 10 10 10 10 10 10 10k =  = 7
j =  0 = 0
for: j
 10 10 10 10 10 10 10 10 10 10 10 10k =  = 8
j =  0 = 0
for: j
 10 10 10 10 10 10 10 10 10 10 10 10k =  = 9
j =  0 = 0
for: j
 10 10 10 10 10 10 10 10 10 10 10 10k =  = 10
j =  0 = 0
for: j
 10-----------------
V a r i a b l e s
-----------------
altura Char = 0
i Char = 10
j Char = 10
k Char = 9
-----------------
